<?xml version="1.0" encoding="UTF-8"?>
<!-- Generated by org.testng.reporters.JUnitXMLReporter -->
<testsuite ignored="2" hostname="DESKTOP-BJC333B" failures="1" tests="2" name="Test" time="51.799" errors="0" timestamp="2023-12-28T16:15:53 IST">
  <testcase classname="contactsTests.CreateContactTest" name="cretaeContactWithMandatoryFields" time="18.761">
    <failure type="java.lang.AssertionError" message="null">
      <![CDATA[java.lang.AssertionError: null
at contactsTests.CreateContactTest.cretaeContactWithMandatoryFields(CreateContactTest.java:47)
at java.base/java.util.ArrayList.forEach(ArrayList.java:1511)
... Removed 29 stack frames]]>
    </failure>
  </testcase> <!-- cretaeContactWithMandatoryFields -->
  <testcase classname="contactsTests.CreateContactWithLeadSourceTest" name="CreateContactWithLead" time="7.084"/>
  <testcase classname="genericUtilities.BaseClass" name="@BeforeSuite bsConfig" time="0.0">
    <ignored/>
  </testcase> <!-- @BeforeSuite bsConfig -->
  <testcase classname="genericUtilities.BaseClass" name="@AfterSuite asConfig" time="0.0">
    <ignored/>
  </testcase> <!-- @AfterSuite asConfig -->
</testsuite> <!-- Test -->
